\BOOKMARK [0][-]{cover.0}{\376\377\134\001\227\142}{}% 1
\BOOKMARK [0][-]{toc.0}{\376\377\166\356\137\125}{}% 2
\BOOKMARK [0][-]{chapter.1}{\376\377\0001\000\040\176\352\213\272}{}% 3
\BOOKMARK [1][-]{section.1.1}{\376\377\0001\000.\0001\000\040\137\025\212\000}{chapter.1}% 4
\BOOKMARK [1][-]{section.1.2}{\376\377\0001\000.\0002\000\040\170\024\172\166\200\314\146\157\116\016\123\321\134\125}{chapter.1}% 5
\BOOKMARK [2][-]{subsection.1.2.1}{\376\377\0001\000.\0002\000.\0001\000\040\126\376\120\317\144\034\175\042\137\025\144\316\166\204\133\232\116\111}{section.1.2}% 6
\BOOKMARK [2][-]{subsection.1.2.2}{\376\377\0001\000.\0002\000.\0002\000\040\126\376\120\317\144\034\175\042\166\204\123\321\134\125\123\206\123\362}{section.1.2}% 7
\BOOKMARK [2][-]{subsection.1.2.3}{\376\377\0001\000.\0002\000.\0003\000\040\126\376\120\317\144\034\175\042\137\025\144\316\116\055\145\260\142\200\147\057\166\204\117\177\165\050}{section.1.2}% 8
\BOOKMARK [1][-]{section.1.3}{\376\377\0001\000.\0003\000\040\126\375\121\205\131\026\170\024\172\166\163\260\162\266}{chapter.1}% 9
\BOOKMARK [2][-]{subsection.1.3.1}{\376\377\0001\000.\0003\000.\0001\000\040\117\040\176\337\162\171\137\201}{section.1.3}% 10
\BOOKMARK [3][-]{subsubsection.1.3.1.1}{\376\377\0001\000.\0003\000.\0001\000.\0001\000\040\121\150\134\100\162\171\137\201}{subsection.1.3.1}% 11
\BOOKMARK [3][-]{subsubsection.1.3.1.2}{\376\377\0001\000.\0003\000.\0001\000.\0002\000\040\134\100\220\350\162\171\137\201}{subsection.1.3.1}% 12
\BOOKMARK [2][-]{subsection.1.3.2}{\376\377\0001\000.\0003\000.\0002\000\040\162\171\137\201\143\320\123\326}{section.1.3}% 13
\BOOKMARK [3][-]{subsubsection.1.3.2.1}{\376\377\0001\000.\0003\000.\0002\000.\0001\000\040\117\040\176\337\166\204\162\171\137\201\143\320\123\326}{subsection.1.3.2}% 14
\BOOKMARK [3][-]{subsubsection.1.3.2.2}{\376\377\0001\000.\0003\000.\0002\000.\0002\000\040\127\372\116\216\155\361\136\246\133\146\116\140\166\204\162\171\137\201\143\320\123\326}{subsection.1.3.2}% 15
\BOOKMARK [1][-]{section.1.4}{\376\377\0001\000.\0004\000\040\170\024\172\166\121\205\133\271}{chapter.1}% 16
\BOOKMARK [0][-]{chapter.2}{\376\377\0002\000\040\172\013\136\217\140\073\117\123\213\276\213\241}{}% 17
\BOOKMARK [1][-]{section.2.1}{\376\377\0002\000.\0001\000\040\173\227\154\325\213\276\213\241}{chapter.2}% 18
\BOOKMARK [1][-]{section.2.2}{\376\377\0002\000.\0002\000\040\172\013\136\217\217\320\210\114\163\257\130\203\166\204\144\055\136\372\116\345\123\312\217\320\210\114\213\276\131\007\117\341\140\157}{chapter.2}% 19
\BOOKMARK [2][-]{subsection.2.2.1}{\376\377\0002\000.\0002\000.\0001\000\040\172\013\136\217\217\320\210\114\163\257\130\203\144\055\136\372}{section.2.2}% 20
\BOOKMARK [2][-]{subsection.2.2.2}{\376\377\0002\000.\0002\000.\0002\000\040\213\276\131\007\117\341\140\157}{section.2.2}% 21
\BOOKMARK [1][-]{section.2.3}{\376\377\0002\000.\0003\000\040\126\376\120\317\144\034\175\042\137\025\144\316\230\171\166\356\145\207\116\366\213\276\213\241}{chapter.2}% 22
\BOOKMARK [1][-]{section.2.4}{\376\377\0002\000.\0004\000\040\162\171\137\201\143\320\123\326\121\375\145\160\000V\000G\000G\0001\0006\000f\000e\000a\000t\000u\000r\000e\000\137\000e\000x\000t\000r\000a\000c\000t\000o\000r\000.\000p\000y\213\276\213\241}{chapter.2}% 23
\BOOKMARK [1][-]{section.2.5}{\376\377\0002\000.\0005\000\040\162\171\137\201\143\320\123\326\201\032\147\054\000o\000f\000f\000l\000i\000n\000e\000.\000p\000y\213\276\213\241}{chapter.2}% 24
\BOOKMARK [1][-]{section.2.6}{\376\377\0002\000.\0006\000\040\177\121\176\334\152\041\127\127\000s\000e\000r\000v\000e\000r\000.\000p\000y\116\016\000i\000n\000d\000e\000x\000.\000h\000t\000m\000l\213\276\213\241}{chapter.2}% 25
\BOOKMARK [1][-]{section.2.7}{\376\377\0002\000.\0007\000\040\142\151\134\125\122\237\200\375}{chapter.2}% 26
\BOOKMARK [2][-]{subsection.2.7.1}{\376\377\0002\000.\0007\000.\0001\000\040\127\372\116\216\000f\000l\000a\000s\000k\000-\000a\000v\000a\000t\000a\000r\000s\166\204\116\377\000l\000a\000b\000e\000l\000m\000e\150\007\154\350\122\237\200\375}{section.2.7}% 27
\BOOKMARK [2][-]{subsection.2.7.2}{\376\377\0002\000.\0007\000.\0002\000\040\126\376\120\317\210\301\122\152\230\204\131\004\164\006\122\237\200\375}{section.2.7}% 28
\BOOKMARK [2][-]{subsection.2.7.3}{\376\377\0002\000.\0007\000.\0003\000\040\122\115\172\357\116\012\117\040\126\376\120\317\201\363\124\016\172\357\145\160\143\156\122\237\200\375}{section.2.7}% 29
\BOOKMARK [0][-]{chapter.3}{\376\377\0003\000\040\126\376\120\317\144\034\175\042\137\025\144\316\140\047\200\375\155\113\213\325\116\345\123\312\122\006\147\220}{}% 30
\BOOKMARK [1][-]{section.3.1}{\376\377\0003\000.\0001\000\040\126\376\120\317\144\034\175\042\137\025\144\316\140\047\200\375\155\113\213\325\145\160\143\156\226\306\116\313\176\315}{chapter.3}% 31
\BOOKMARK [1][-]{section.3.2}{\376\377\0003\000.\0002\000\040\126\376\120\317\144\034\175\042\137\025\144\316\140\047\200\375\213\304\116\367\143\007\150\007}{chapter.3}% 32
\BOOKMARK [2][-]{subsection.3.2.1}{\376\377\0003\000.\0002\000.\0001\000\040\147\345\121\306\163\207\000;\121\306\170\156\163\207\000P\000r\000e\000c\000i\000s\000i\000o\000n}{section.3.2}% 33
\BOOKMARK [2][-]{subsection.3.2.2}{\376\377\0003\000.\0002\000.\0002\000\040\123\354\126\336\163\207\000;\147\345\121\150\163\207\000R\000e\000c\000a\000l\000l}{section.3.2}% 34
\BOOKMARK [2][-]{subsection.3.2.3}{\376\377\0003\000.\0002\000.\0003\000\040\000F\000-\000s\000c\000o\000r\000e}{section.3.2}% 35
\BOOKMARK [2][-]{subsection.3.2.4}{\376\377\0003\000.\0002\000.\0004\000\040\127\107\120\074\136\163\127\107\174\276\136\246\000m\000A\000P}{section.3.2}% 36
\BOOKMARK [1][-]{section.3.3}{\376\377\0003\000.\0003\000\040\126\376\120\317\144\034\175\042\137\025\144\316\150\300\175\042\176\323\147\234\122\006\147\220}{chapter.3}% 37
\BOOKMARK [0][-]{chapter.4}{\376\377\0004\000\040\140\073\176\323\124\214\134\125\147\033}{}% 38
\BOOKMARK [1][-]{section.4.1}{\376\377\0004\000.\0001\000\040\140\073\176\323}{chapter.4}% 39
\BOOKMARK [1][-]{section.4.2}{\376\377\0004\000.\0002\000\040\134\125\147\033}{chapter.4}% 40
\BOOKMARK [0][-]{chapter*.25}{\376\377\201\364\214\042}{}% 41
\BOOKMARK [0][-]{chapter*.26}{\376\377\123\302\200\003\145\207\163\056}{}% 42
\BOOKMARK [0][-]{chapter*.27}{\376\377\226\104\137\125}{}% 43
